<?xml version="1.0" encoding="UTF-8"?>
<!-- Generated by org.testng.reporters.JUnitXMLReporter -->
<testsuite ignored="1" hostname="DESKTOP-1FHB3LQ" failures="0" tests="2" name="Test" time="26.689" errors="0" timestamp="2025-07-18T14:22:24 IST">
  <testcase classname="Task.Using_amazon" name="amazon" time="15.773"/>
  <testcase classname="Task.Bookmyshow" name="bookmyshow" time="10.814"/>
  <testcase classname="Task.Using_demoQspiders" name="qspiders" time="0.0">
    <ignored/>
  </testcase> <!-- qspiders -->
</testsuite> <!-- Test -->
